<?xml version="1.0" encoding="UTF-8"?>
<testng-results ignored="1" total="2" passed="1" failed="0" skipped="0">
  <reporter-output>
  </reporter-output>
  <suite started-at="2023-03-11T00:28:17 BDT" name="Default suite" finished-at="2023-03-11T00:28:50 BDT" duration-ms="32979">
    <groups>
    </groups>
    <test started-at="2023-03-11T00:28:17 BDT" name="Default test" finished-at="2023-03-11T00:28:50 BDT" duration-ms="32979">
      <class name="testcase.Home_page_test">
        <test-method is-config="true" signature="setBrowser()[pri:0, instance:testcase.Home_page_test@36cda2c2]" started-at="2023-03-11T00:28:17 BDT" name="setBrowser" finished-at="2023-03-11T00:28:19 BDT" duration-ms="2243" status="PASS">
          <reporter-output>
          </reporter-output>
        </test-method> <!-- setBrowser -->
        <test-method signature="hoverr()[pri:0, instance:testcase.Home_page_test@36cda2c2]" started-at="2023-03-11T00:28:19 BDT" name="hoverr" finished-at="2023-03-11T00:28:50 BDT" duration-ms="30493" status="PASS">
          <reporter-output>
          </reporter-output>
        </test-method> <!-- hoverr -->
        <test-method is-config="true" signature="quitBrowser()[pri:0, instance:testcase.Home_page_test@36cda2c2]" started-at="2023-03-11T00:28:50 BDT" name="quitBrowser" finished-at="2023-03-11T00:28:50 BDT" duration-ms="187" status="PASS">
          <reporter-output>
          </reporter-output>
        </test-method> <!-- quitBrowser -->
      </class> <!-- testcase.Home_page_test -->
    </test> <!-- Default test -->
  </suite> <!-- Default suite -->
</testng-results>
